[29-Nov-2015 17:13:11 UTC] PHP Warning:  getimagesize(): Filename cannot be empty in /home/ubuntu/workspace/php-course-work/lab_12/mismatched/editprofile.php on line 37
[29-Nov-2015 17:13:11 UTC] PHP Stack trace:
[29-Nov-2015 17:13:11 UTC] PHP   1. {main}() /home/ubuntu/workspace/php-course-work/lab_12/mismatched/editprofile.php:0
[29-Nov-2015 17:13:11 UTC] PHP   2. getimagesize(*uninitialized*) /home/ubuntu/workspace/php-course-work/lab_12/mismatched/editprofile.php:37
[29-Nov-2015 17:14:21 UTC] PHP Warning:  getimagesize(): Filename cannot be empty in /home/ubuntu/workspace/php-course-work/lab_12/mismatched/editprofile.php on line 37
[29-Nov-2015 17:14:21 UTC] PHP Stack trace:
[29-Nov-2015 17:14:21 UTC] PHP   1. {main}() /home/ubuntu/workspace/php-course-work/lab_12/mismatched/editprofile.php:0
[29-Nov-2015 17:14:21 UTC] PHP   2. getimagesize() /home/ubuntu/workspace/php-course-work/lab_12/mismatched/editprofile.php:37
[29-Nov-2015 17:15:30 UTC] PHP Warning:  getimagesize(): Filename cannot be empty in /home/ubuntu/workspace/php-course-work/lab_12/mismatched/editprofile.php on line 37
[29-Nov-2015 17:15:30 UTC] PHP Stack trace:
[29-Nov-2015 17:15:30 UTC] PHP   1. {main}() /home/ubuntu/workspace/php-course-work/lab_12/mismatched/editprofile.php:0
[29-Nov-2015 17:15:30 UTC] PHP   2. getimagesize(*uninitialized*) /home/ubuntu/workspace/php-course-work/lab_12/mismatched/editprofile.php:37
[29-Nov-2015 17:15:58 UTC] PHP Warning:  getimagesize(): Filename cannot be empty in /home/ubuntu/workspace/php-course-work/lab_12/mismatched/editprofile.php on line 37
[29-Nov-2015 17:15:58 UTC] PHP Stack trace:
[29-Nov-2015 17:15:58 UTC] PHP   1. {main}() /home/ubuntu/workspace/php-course-work/lab_12/mismatched/editprofile.php:0
[29-Nov-2015 17:15:58 UTC] PHP   2. getimagesize(*uninitialized*) /home/ubuntu/workspace/php-course-work/lab_12/mismatched/editprofile.php:37
[29-Nov-2015 18:27:05 UTC] PHP Warning:  array_push() expects at least 2 parameters, 1 given in /home/ubuntu/workspace/php-course-work/lab_12/mismatched/mymismatch.php on line 103
[29-Nov-2015 18:27:05 UTC] PHP Stack trace:
[29-Nov-2015 18:27:05 UTC] PHP   1. {main}() /home/ubuntu/workspace/php-course-work/lab_12/mismatched/mymismatch.php:0
[29-Nov-2015 18:27:05 UTC] PHP   2. array_push(*uninitialized*) /home/ubuntu/workspace/php-course-work/lab_12/mismatched/mymismatch.php:103
[29-Nov-2015 18:27:05 UTC] PHP Warning:  array_push() expects at least 2 parameters, 1 given in /home/ubuntu/workspace/php-course-work/lab_12/mismatched/mymismatch.php on line 103
[29-Nov-2015 18:27:05 UTC] PHP Stack trace:
[29-Nov-2015 18:27:05 UTC] PHP   1. {main}() /home/ubuntu/workspace/php-course-work/lab_12/mismatched/mymismatch.php:0
[29-Nov-2015 18:27:05 UTC] PHP   2. array_push(*uninitialized*) /home/ubuntu/workspace/php-course-work/lab_12/mismatched/mymismatch.php:103
[29-Nov-2015 18:27:05 UTC] PHP Warning:  array_push() expects at least 2 parameters, 1 given in /home/ubuntu/workspace/php-course-work/lab_12/mismatched/mymismatch.php on line 103
[29-Nov-2015 18:27:05 UTC] PHP Stack trace:
[29-Nov-2015 18:27:05 UTC] PHP   1. {main}() /home/ubuntu/workspace/php-course-work/lab_12/mismatched/mymismatch.php:0
[29-Nov-2015 18:27:05 UTC] PHP   2. array_push(*uninitialized*) /home/ubuntu/workspace/php-course-work/lab_12/mismatched/mymismatch.php:103
[29-Nov-2015 18:27:05 UTC] PHP Warning:  array_push() expects at least 2 parameters, 1 given in /home/ubuntu/workspace/php-course-work/lab_12/mismatched/mymismatch.php on line 103
[29-Nov-2015 18:27:05 UTC] PHP Stack trace:
[29-Nov-2015 18:27:05 UTC] PHP   1. {main}() /home/ubuntu/workspace/php-course-work/lab_12/mismatched/mymismatch.php:0
[29-Nov-2015 18:27:05 UTC] PHP   2. array_push(*uninitialized*) /home/ubuntu/workspace/php-course-work/lab_12/mismatched/mymismatch.php:103
[29-Nov-2015 18:27:05 UTC] PHP Warning:  array_push() expects at least 2 parameters, 1 given in /home/ubuntu/workspace/php-course-work/lab_12/mismatched/mymismatch.php on line 103
[29-Nov-2015 18:27:05 UTC] PHP Stack trace:
[29-Nov-2015 18:27:05 UTC] PHP   1. {main}() /home/ubuntu/workspace/php-course-work/lab_12/mismatched/mymismatch.php:0
[29-Nov-2015 18:27:05 UTC] PHP   2. array_push(*uninitialized*) /home/ubuntu/workspace/php-course-work/lab_12/mismatched/mymismatch.php:103
[29-Nov-2015 18:58:58 UTC] PHP Warning:  mysqli_fetch_array() expects parameter 1 to be mysqli_result, boolean given in /home/ubuntu/workspace/php-course-work/lab_12/mismatched/mymismatch.php on line 71
[29-Nov-2015 18:58:58 UTC] PHP Stack trace:
[29-Nov-2015 18:58:58 UTC] PHP   1. {main}() /home/ubuntu/workspace/php-course-work/lab_12/mismatched/mymismatch.php:0
[29-Nov-2015 18:58:58 UTC] PHP   2. mysqli_fetch_array(*uninitialized*) /home/ubuntu/workspace/php-course-work/lab_12/mismatched/mymismatch.php:71
[29-Nov-2015 19:33:11 UTC] PHP Warning:  imagettftext(): Could not find/open font in /home/ubuntu/workspace/php-course-work/lab_12/guitarwars/captcha.php on line 34
[29-Nov-2015 19:33:11 UTC] PHP Stack trace:
[29-Nov-2015 19:33:11 UTC] PHP   1. {main}() /home/ubuntu/workspace/php-course-work/lab_12/guitarwars/captcha.php:0
[29-Nov-2015 19:33:11 UTC] PHP   2. imagettftext(*uninitialized*, *uninitialized*, *uninitialized*, *uninitialized*, *uninitialized*, *uninitialized*, *uninitialized*, *uninitialized*) /home/ubuntu/workspace/php-course-work/lab_12/guitarwars/captcha.php:34
[29-Nov-2015 19:33:11 UTC] PHP Warning:  imagepng(): Unable to open 'iamges/captcha.png' for writing: No such file or directory in /home/ubuntu/workspace/php-course-work/lab_12/guitarwars/captcha.php on line 37
[29-Nov-2015 19:33:11 UTC] PHP Stack trace:
[29-Nov-2015 19:33:11 UTC] PHP   1. {main}() /home/ubuntu/workspace/php-course-work/lab_12/guitarwars/captcha.php:0
[29-Nov-2015 19:33:11 UTC] PHP   2. imagepng(*uninitialized*, *uninitialized*, *uninitialized*) /home/ubuntu/workspace/php-course-work/lab_12/guitarwars/captcha.php:37
[29-Nov-2015 19:33:11 UTC] PHP Warning:  imagettftext(): Could not find/open font in /home/ubuntu/workspace/php-course-work/lab_12/guitarwars/captcha.php on line 34
[29-Nov-2015 19:33:11 UTC] PHP Stack trace:
[29-Nov-2015 19:33:11 UTC] PHP   1. {main}() /home/ubuntu/workspace/php-course-work/lab_12/guitarwars/captcha.php:0
[29-Nov-2015 19:33:11 UTC] PHP   2. imagettftext(*uninitialized*, *uninitialized*, *uninitialized*, *uninitialized*, *uninitialized*, *uninitialized*, *uninitialized*, *uninitialized*) /home/ubuntu/workspace/php-course-work/lab_12/guitarwars/captcha.php:34
[29-Nov-2015 19:49:25 UTC] PHP Warning:  mysqli_real_escape_string() expects parameter 1 to be mysqli, null given in /home/ubuntu/workspace/php-course-work/lab_12/guitarwars/addscore.php on line 20
[29-Nov-2015 19:49:25 UTC] PHP Stack trace:
[29-Nov-2015 19:49:25 UTC] PHP   1. {main}() /home/ubuntu/workspace/php-course-work/lab_12/guitarwars/addscore.php:0
[29-Nov-2015 19:49:25 UTC] PHP   2. mysqli_real_escape_string(*uninitialized*, *uninitialized*) /home/ubuntu/workspace/php-course-work/lab_12/guitarwars/addscore.php:20
[29-Nov-2015 19:49:25 UTC] PHP Warning:  mysqli_real_escape_string() expects parameter 1 to be mysqli, null given in /home/ubuntu/workspace/php-course-work/lab_12/guitarwars/addscore.php on line 21
[29-Nov-2015 19:49:25 UTC] PHP Stack trace:
[29-Nov-2015 19:49:25 UTC] PHP   1. {main}() /home/ubuntu/workspace/php-course-work/lab_12/guitarwars/addscore.php:0
[29-Nov-2015 19:49:25 UTC] PHP   2. mysqli_real_escape_string(*uninitialized*, *uninitialized*) /home/ubuntu/workspace/php-course-work/lab_12/guitarwars/addscore.php:21
[29-Nov-2015 19:49:25 UTC] PHP Warning:  mysqli_real_escape_string() expects parameter 1 to be mysqli, null given in /home/ubuntu/workspace/php-course-work/lab_12/guitarwars/addscore.php on line 22
[29-Nov-2015 19:49:25 UTC] PHP Stack trace:
[29-Nov-2015 19:49:25 UTC] PHP   1. {main}() /home/ubuntu/workspace/php-course-work/lab_12/guitarwars/addscore.php:0
[29-Nov-2015 19:49:25 UTC] PHP   2. mysqli_real_escape_string(*uninitialized*, *uninitialized*) /home/ubuntu/workspace/php-course-work/lab_12/guitarwars/addscore.php:22
[29-Nov-2015 19:50:13 UTC] PHP Warning:  mysqli_real_escape_string() expects parameter 1 to be mysqli, null given in /home/ubuntu/workspace/php-course-work/lab_12/guitarwars/addscore.php on line 20
[29-Nov-2015 19:50:13 UTC] PHP Stack trace:
[29-Nov-2015 19:50:13 UTC] PHP   1. {main}() /home/ubuntu/workspace/php-course-work/lab_12/guitarwars/addscore.php:0
[29-Nov-2015 19:50:13 UTC] PHP   2. mysqli_real_escape_string(*uninitialized*, *uninitialized*) /home/ubuntu/workspace/php-course-work/lab_12/guitarwars/addscore.php:20
[29-Nov-2015 19:50:13 UTC] PHP Warning:  mysqli_real_escape_string() expects parameter 1 to be mysqli, null given in /home/ubuntu/workspace/php-course-work/lab_12/guitarwars/addscore.php on line 21
[29-Nov-2015 19:50:13 UTC] PHP Stack trace:
[29-Nov-2015 19:50:13 UTC] PHP   1. {main}() /home/ubuntu/workspace/php-course-work/lab_12/guitarwars/addscore.php:0
[29-Nov-2015 19:50:13 UTC] PHP   2. mysqli_real_escape_string(*uninitialized*, *uninitialized*) /home/ubuntu/workspace/php-course-work/lab_12/guitarwars/addscore.php:21
[29-Nov-2015 19:50:13 UTC] PHP Warning:  mysqli_real_escape_string() expects parameter 1 to be mysqli, null given in /home/ubuntu/workspace/php-course-work/lab_12/guitarwars/addscore.php on line 22
[29-Nov-2015 19:50:13 UTC] PHP Stack trace:
[29-Nov-2015 19:50:13 UTC] PHP   1. {main}() /home/ubuntu/workspace/php-course-work/lab_12/guitarwars/addscore.php:0
[29-Nov-2015 19:50:13 UTC] PHP   2. mysqli_real_escape_string(*uninitialized*, *uninitialized*) /home/ubuntu/workspace/php-course-work/lab_12/guitarwars/addscore.php:22
[29-Nov-2015 19:52:56 UTC] PHP Warning:  mysqli_real_escape_string() expects parameter 1 to be mysqli, null given in /home/ubuntu/workspace/php-course-work/lab_12/guitarwars/addscore.php on line 20
[29-Nov-2015 19:52:56 UTC] PHP Stack trace:
[29-Nov-2015 19:52:56 UTC] PHP   1. {main}() /home/ubuntu/workspace/php-course-work/lab_12/guitarwars/addscore.php:0
[29-Nov-2015 19:52:56 UTC] PHP   2. mysqli_real_escape_string(*uninitialized*, *uninitialized*) /home/ubuntu/workspace/php-course-work/lab_12/guitarwars/addscore.php:20
[29-Nov-2015 19:52:56 UTC] PHP Warning:  mysqli_real_escape_string() expects parameter 1 to be mysqli, null given in /home/ubuntu/workspace/php-course-work/lab_12/guitarwars/addscore.php on line 21
[29-Nov-2015 19:52:56 UTC] PHP Stack trace:
[29-Nov-2015 19:52:56 UTC] PHP   1. {main}() /home/ubuntu/workspace/php-course-work/lab_12/guitarwars/addscore.php:0
[29-Nov-2015 19:52:56 UTC] PHP   2. mysqli_real_escape_string(*uninitialized*, *uninitialized*) /home/ubuntu/workspace/php-course-work/lab_12/guitarwars/addscore.php:21
[29-Nov-2015 19:52:56 UTC] PHP Warning:  mysqli_real_escape_string() expects parameter 1 to be mysqli, null given in /home/ubuntu/workspace/php-course-work/lab_12/guitarwars/addscore.php on line 22
[29-Nov-2015 19:52:56 UTC] PHP Stack trace:
[29-Nov-2015 19:52:56 UTC] PHP   1. {main}() /home/ubuntu/workspace/php-course-work/lab_12/guitarwars/addscore.php:0
[29-Nov-2015 19:52:56 UTC] PHP   2. mysqli_real_escape_string(*uninitialized*, *uninitialized*) /home/ubuntu/workspace/php-course-work/lab_12/guitarwars/addscore.php:22
[29-Nov-2015 19:53:57 UTC] PHP Warning:  mysqli_real_escape_string() expects parameter 1 to be mysqli, null given in /home/ubuntu/workspace/php-course-work/lab_12/guitarwars/addscore.php on line 20
[29-Nov-2015 19:53:57 UTC] PHP Stack trace:
[29-Nov-2015 19:53:57 UTC] PHP   1. {main}() /home/ubuntu/workspace/php-course-work/lab_12/guitarwars/addscore.php:0
[29-Nov-2015 19:53:57 UTC] PHP   2. mysqli_real_escape_string(*uninitialized*, *uninitialized*) /home/ubuntu/workspace/php-course-work/lab_12/guitarwars/addscore.php:20
[29-Nov-2015 19:53:57 UTC] PHP Warning:  mysqli_real_escape_string() expects parameter 1 to be mysqli, null given in /home/ubuntu/workspace/php-course-work/lab_12/guitarwars/addscore.php on line 21
[29-Nov-2015 19:53:57 UTC] PHP Stack trace:
[29-Nov-2015 19:53:57 UTC] PHP   1. {main}() /home/ubuntu/workspace/php-course-work/lab_12/guitarwars/addscore.php:0
[29-Nov-2015 19:53:57 UTC] PHP   2. mysqli_real_escape_string(*uninitialized*, *uninitialized*) /home/ubuntu/workspace/php-course-work/lab_12/guitarwars/addscore.php:21
[29-Nov-2015 19:53:57 UTC] PHP Warning:  mysqli_real_escape_string() expects parameter 1 to be mysqli, null given in /home/ubuntu/workspace/php-course-work/lab_12/guitarwars/addscore.php on line 22
[29-Nov-2015 19:53:57 UTC] PHP Stack trace:
[29-Nov-2015 19:53:57 UTC] PHP   1. {main}() /home/ubuntu/workspace/php-course-work/lab_12/guitarwars/addscore.php:0
[29-Nov-2015 19:53:57 UTC] PHP   2. mysqli_real_escape_string(*uninitialized*, *uninitialized*) /home/ubuntu/workspace/php-course-work/lab_12/guitarwars/addscore.php:22
[29-Nov-2015 19:54:53 UTC] PHP Warning:  mysqli_real_escape_string() expects parameter 1 to be mysqli, null given in /home/ubuntu/workspace/php-course-work/lab_12/guitarwars/addscore.php on line 20
[29-Nov-2015 19:54:53 UTC] PHP Stack trace:
[29-Nov-2015 19:54:53 UTC] PHP   1. {main}() /home/ubuntu/workspace/php-course-work/lab_12/guitarwars/addscore.php:0
[29-Nov-2015 19:54:53 UTC] PHP   2. mysqli_real_escape_string(*uninitialized*, *uninitialized*) /home/ubuntu/workspace/php-course-work/lab_12/guitarwars/addscore.php:20
[29-Nov-2015 19:54:53 UTC] PHP Warning:  mysqli_real_escape_string() expects parameter 1 to be mysqli, null given in /home/ubuntu/workspace/php-course-work/lab_12/guitarwars/addscore.php on line 21
[29-Nov-2015 19:54:53 UTC] PHP Stack trace:
[29-Nov-2015 19:54:53 UTC] PHP   1. {main}() /home/ubuntu/workspace/php-course-work/lab_12/guitarwars/addscore.php:0
[29-Nov-2015 19:54:53 UTC] PHP   2. mysqli_real_escape_string(*uninitialized*, *uninitialized*) /home/ubuntu/workspace/php-course-work/lab_12/guitarwars/addscore.php:21
[29-Nov-2015 19:54:53 UTC] PHP Warning:  mysqli_real_escape_string() expects parameter 1 to be mysqli, null given in /home/ubuntu/workspace/php-course-work/lab_12/guitarwars/addscore.php on line 22
[29-Nov-2015 19:54:53 UTC] PHP Stack trace:
[29-Nov-2015 19:54:53 UTC] PHP   1. {main}() /home/ubuntu/workspace/php-course-work/lab_12/guitarwars/addscore.php:0
[29-Nov-2015 19:54:53 UTC] PHP   2. mysqli_real_escape_string(*uninitialized*, *uninitialized*) /home/ubuntu/workspace/php-course-work/lab_12/guitarwars/addscore.php:22
[29-Nov-2015 19:58:06 UTC] PHP Warning:  mysqli_real_escape_string() expects parameter 1 to be mysqli, null given in /home/ubuntu/workspace/php-course-work/lab_12/guitarwars/addscore.php on line 19
[29-Nov-2015 19:58:06 UTC] PHP Stack trace:
[29-Nov-2015 19:58:06 UTC] PHP   1. {main}() /home/ubuntu/workspace/php-course-work/lab_12/guitarwars/addscore.php:0
[29-Nov-2015 19:58:06 UTC] PHP   2. mysqli_real_escape_string(*uninitialized*, *uninitialized*) /home/ubuntu/workspace/php-course-work/lab_12/guitarwars/addscore.php:19
[29-Nov-2015 19:58:06 UTC] PHP Warning:  mysqli_real_escape_string() expects parameter 1 to be mysqli, null given in /home/ubuntu/workspace/php-course-work/lab_12/guitarwars/addscore.php on line 20
[29-Nov-2015 19:58:06 UTC] PHP Stack trace:
[29-Nov-2015 19:58:06 UTC] PHP   1. {main}() /home/ubuntu/workspace/php-course-work/lab_12/guitarwars/addscore.php:0
[29-Nov-2015 19:58:06 UTC] PHP   2. mysqli_real_escape_string(*uninitialized*, *uninitialized*) /home/ubuntu/workspace/php-course-work/lab_12/guitarwars/addscore.php:20
[29-Nov-2015 19:58:06 UTC] PHP Warning:  mysqli_real_escape_string() expects parameter 1 to be mysqli, null given in /home/ubuntu/workspace/php-course-work/lab_12/guitarwars/addscore.php on line 21
[29-Nov-2015 19:58:06 UTC] PHP Stack trace:
[29-Nov-2015 19:58:06 UTC] PHP   1. {main}() /home/ubuntu/workspace/php-course-work/lab_12/guitarwars/addscore.php:0
[29-Nov-2015 19:58:06 UTC] PHP   2. mysqli_real_escape_string(*uninitialized*, *uninitialized*) /home/ubuntu/workspace/php-course-work/lab_12/guitarwars/addscore.php:21
[01-Dec-2015 00:29:07 UTC] PHP Fatal error:  Call to undefined function start_session() in /home/ubuntu/workspace/php-course-work/lab_12/guitarwars.1/addscore.php on line 15
[01-Dec-2015 00:29:07 UTC] PHP Stack trace:
[01-Dec-2015 00:29:07 UTC] PHP   1. {main}() /home/ubuntu/workspace/php-course-work/lab_12/guitarwars.1/addscore.php:0
[01-Dec-2015 00:32:29 UTC] PHP Fatal error:  Call to undefined function start_session() in /home/ubuntu/workspace/php-course-work/lab_12/guitarwars.1/addscore.php on line 15
[01-Dec-2015 00:32:29 UTC] PHP Stack trace:
[01-Dec-2015 00:32:29 UTC] PHP   1. {main}() /home/ubuntu/workspace/php-course-work/lab_12/guitarwars.1/addscore.php:0
[01-Dec-2015 00:32:29 UTC] PHP Warning:  imagettftext(): Could not find/open font in /home/ubuntu/workspace/php-course-work/lab_12/guitarwars/captcha.php on line 33
[01-Dec-2015 00:32:29 UTC] PHP Stack trace:
[01-Dec-2015 00:32:29 UTC] PHP   1. {main}() /home/ubuntu/workspace/php-course-work/lab_12/guitarwars/addscore.php:0
[01-Dec-2015 00:32:29 UTC] PHP   2. require_once() /home/ubuntu/workspace/php-course-work/lab_12/guitarwars/addscore.php:15
[01-Dec-2015 00:32:29 UTC] PHP   3. imagettftext(*uninitialized*, *uninitialized*, *uninitialized*, *uninitialized*, *uninitialized*, *uninitialized*, *uninitialized*, *uninitialized*) /home/ubuntu/workspace/php-course-work/lab_12/guitarwars/captcha.php:33
[01-Dec-2015 00:35:41 UTC] PHP Fatal error:  Call to undefined function start_session() in /home/ubuntu/workspace/php-course-work/lab_12/guitarwars.1/addscore.php on line 15
[01-Dec-2015 00:35:41 UTC] PHP Stack trace:
[01-Dec-2015 00:35:41 UTC] PHP   1. {main}() /home/ubuntu/workspace/php-course-work/lab_12/guitarwars.1/addscore.php:0
[01-Dec-2015 00:37:07 UTC] PHP Fatal error:  Call to undefined function start_session() in /home/ubuntu/workspace/php-course-work/lab_12/guitarwars.1/addscore.php on line 15
[01-Dec-2015 00:37:07 UTC] PHP Stack trace:
[01-Dec-2015 00:37:07 UTC] PHP   1. {main}() /home/ubuntu/workspace/php-course-work/lab_12/guitarwars.1/addscore.php:0
[01-Dec-2015 00:47:50 UTC] PHP Fatal error:  Call to undefined function start_session() in /home/ubuntu/workspace/php-course-work/lab_12/guitarwars.1/addscore.php on line 15
[01-Dec-2015 00:47:50 UTC] PHP Stack trace:
[01-Dec-2015 00:47:50 UTC] PHP   1. {main}() /home/ubuntu/workspace/php-course-work/lab_12/guitarwars.1/addscore.php:0
