[27-Sep-2015 14:06:45 UTC] PHP Parse error:  syntax error, unexpected '}', expecting ',' or ';' in /home/ubuntu/workspace/php-course-work/project_1/update_story.php on line 46
[27-Sep-2015 14:31:15 UTC] PHP Warning:  mysqli_connect(): (HY000/1045): Access denied for user 'sgreeholtz'@'localhost' (using password: NO) in /home/ubuntu/workspace/php-course-work/project_1/update_story.php on line 44
[27-Sep-2015 14:31:15 UTC] PHP Stack trace:
[27-Sep-2015 14:31:15 UTC] PHP   1. {main}() /home/ubuntu/workspace/php-course-work/project_1/update_story.php:0
[27-Sep-2015 14:31:15 UTC] PHP   2. mysqli_connect() /home/ubuntu/workspace/php-course-work/project_1/update_story.php:44
[27-Sep-2015 14:31:15 UTC] PHP Warning:  mysqli_query() expects parameter 1 to be mysqli, boolean given in /home/ubuntu/workspace/php-course-work/project_1/update_story.php on line 48
[27-Sep-2015 14:31:15 UTC] PHP Stack trace:
[27-Sep-2015 14:31:15 UTC] PHP   1. {main}() /home/ubuntu/workspace/php-course-work/project_1/update_story.php:0
[27-Sep-2015 14:31:15 UTC] PHP   2. mysqli_query() /home/ubuntu/workspace/php-course-work/project_1/update_story.php:48
[27-Sep-2015 14:46:50 UTC] PHP Fatal error:  Cannot use object of type mysqli_result as array in /home/ubuntu/workspace/php-course-work/project_1/update_story.php on line 65
[27-Sep-2015 14:46:50 UTC] PHP Stack trace:
[27-Sep-2015 14:46:50 UTC] PHP   1. {main}() /home/ubuntu/workspace/php-course-work/project_1/update_story.php:0
[27-Sep-2015 16:10:48 UTC] PHP Parse error:  syntax error, unexpected '{' in /home/ubuntu/workspace/php-course-work/project_1/update_story.php on line 57
[27-Sep-2015 16:18:43 UTC] PHP Parse error:  syntax error, unexpected '&&' (T_BOOLEAN_AND) in /home/ubuntu/workspace/php-course-work/project_1/update_story.php on line 63
[28-Sep-2015 23:20:16 UTC] PHP Parse error:  syntax error, unexpected '×' (T_STRING) in /home/ubuntu/workspace/php-course-work/project_2/calculate_bmi.php on line 26
[28-Sep-2015 23:23:16 UTC] PHP Warning:  Division by zero in /home/ubuntu/workspace/php-course-work/project_2/calculate_bmi.php on line 26
[28-Sep-2015 23:23:16 UTC] PHP Stack trace:
[28-Sep-2015 23:23:16 UTC] PHP   1. {main}() /home/ubuntu/workspace/php-course-work/project_2/calculate_bmi.php:0
[28-Sep-2015 23:27:04 UTC] PHP Warning:  Division by zero in /home/ubuntu/workspace/php-course-work/project_2/calculate_bmi.php on line 30
[28-Sep-2015 23:27:04 UTC] PHP Stack trace:
[28-Sep-2015 23:27:04 UTC] PHP   1. {main}() /home/ubuntu/workspace/php-course-work/project_2/calculate_bmi.php:0
[28-Sep-2015 23:28:29 UTC] PHP Parse error:  syntax error, unexpected '||' (T_BOOLEAN_OR) in /home/ubuntu/workspace/php-course-work/project_2/calculate_bmi.php on line 30
[28-Sep-2015 23:31:07 UTC] PHP Warning:  Division by zero in /home/ubuntu/workspace/php-course-work/project_2/calculate_bmi.php on line 39
[28-Sep-2015 23:31:07 UTC] PHP Stack trace:
[28-Sep-2015 23:31:07 UTC] PHP   1. {main}() /home/ubuntu/workspace/php-course-work/project_2/calculate_bmi.php:0
[28-Sep-2015 23:31:16 UTC] PHP Warning:  Division by zero in /home/ubuntu/workspace/php-course-work/project_2/calculate_bmi.php on line 39
[28-Sep-2015 23:31:16 UTC] PHP Stack trace:
[28-Sep-2015 23:31:16 UTC] PHP   1. {main}() /home/ubuntu/workspace/php-course-work/project_2/calculate_bmi.php:0
[03-Oct-2015 18:05:34 UTC] PHP Warning:  mysqli_connect(): php_network_getaddresses: getaddrinfo failed: Name or service not known in /home/ubuntu/workspace/php-course-work/lab_5/index.php on line 16
[03-Oct-2015 18:05:34 UTC] PHP Stack trace:
[03-Oct-2015 18:05:34 UTC] PHP   1. {main}() /home/ubuntu/workspace/php-course-work/lab_5/index.php:0
[03-Oct-2015 18:05:34 UTC] PHP   2. mysqli_connect() /home/ubuntu/workspace/php-course-work/lab_5/index.php:16
[03-Oct-2015 18:05:34 UTC] PHP Warning:  mysqli_connect(): (HY000/2002): php_network_getaddresses: getaddrinfo failed: Name or service not known in /home/ubuntu/workspace/php-course-work/lab_5/index.php on line 16
[03-Oct-2015 18:05:34 UTC] PHP Stack trace:
[03-Oct-2015 18:05:34 UTC] PHP   1. {main}() /home/ubuntu/workspace/php-course-work/lab_5/index.php:0
[03-Oct-2015 18:05:34 UTC] PHP   2. mysqli_connect() /home/ubuntu/workspace/php-course-work/lab_5/index.php:16
[03-Oct-2015 18:05:34 UTC] PHP Warning:  mysqli_query() expects parameter 1 to be mysqli, boolean given in /home/ubuntu/workspace/php-course-work/lab_5/index.php on line 20
[03-Oct-2015 18:05:34 UTC] PHP Stack trace:
[03-Oct-2015 18:05:34 UTC] PHP   1. {main}() /home/ubuntu/workspace/php-course-work/lab_5/index.php:0
[03-Oct-2015 18:05:34 UTC] PHP   2. mysqli_query() /home/ubuntu/workspace/php-course-work/lab_5/index.php:20
[03-Oct-2015 18:05:34 UTC] PHP Warning:  mysqli_fetch_array() expects parameter 1 to be mysqli_result, null given in /home/ubuntu/workspace/php-course-work/lab_5/index.php on line 24
[03-Oct-2015 18:05:34 UTC] PHP Stack trace:
[03-Oct-2015 18:05:34 UTC] PHP   1. {main}() /home/ubuntu/workspace/php-course-work/lab_5/index.php:0
[03-Oct-2015 18:05:34 UTC] PHP   2. mysqli_fetch_array() /home/ubuntu/workspace/php-course-work/lab_5/index.php:24
[03-Oct-2015 18:05:34 UTC] PHP Warning:  mysqli_close() expects parameter 1 to be mysqli, boolean given in /home/ubuntu/workspace/php-course-work/lab_5/index.php on line 33
[03-Oct-2015 18:05:34 UTC] PHP Stack trace:
[03-Oct-2015 18:05:34 UTC] PHP   1. {main}() /home/ubuntu/workspace/php-course-work/lab_5/index.php:0
[03-Oct-2015 18:05:34 UTC] PHP   2. mysqli_close() /home/ubuntu/workspace/php-course-work/lab_5/index.php:33
[03-Oct-2015 19:05:41 UTC] PHP Warning:  require_once(appvarsphp): failed to open stream: No such file or directory in /home/ubuntu/workspace/php-course-work/lab_5/index.php on line 15
[03-Oct-2015 19:05:41 UTC] PHP Stack trace:
[03-Oct-2015 19:05:41 UTC] PHP   1. {main}() /home/ubuntu/workspace/php-course-work/lab_5/index.php:0
[03-Oct-2015 19:05:41 UTC] PHP Fatal error:  require_once(): Failed opening required 'appvarsphp' (include_path='.:/usr/share/php:/usr/share/pear') in /home/ubuntu/workspace/php-course-work/lab_5/index.php on line 15
[03-Oct-2015 19:05:41 UTC] PHP Stack trace:
[03-Oct-2015 19:05:41 UTC] PHP   1. {main}() /home/ubuntu/workspace/php-course-work/lab_5/index.php:0
[03-Oct-2015 19:06:43 UTC] PHP Warning:  mysqli_connect(): php_network_getaddresses: getaddrinfo failed: Name or service not known in /home/ubuntu/workspace/php-course-work/lab_5/index.php on line 18
[03-Oct-2015 19:06:43 UTC] PHP Stack trace:
[03-Oct-2015 19:06:43 UTC] PHP   1. {main}() /home/ubuntu/workspace/php-course-work/lab_5/index.php:0
[03-Oct-2015 19:06:43 UTC] PHP   2. mysqli_connect() /home/ubuntu/workspace/php-course-work/lab_5/index.php:18
[03-Oct-2015 19:06:43 UTC] PHP Warning:  mysqli_connect(): (HY000/2002): php_network_getaddresses: getaddrinfo failed: Name or service not known in /home/ubuntu/workspace/php-course-work/lab_5/index.php on line 18
[03-Oct-2015 19:06:43 UTC] PHP Stack trace:
[03-Oct-2015 19:06:43 UTC] PHP   1. {main}() /home/ubuntu/workspace/php-course-work/lab_5/index.php:0
[03-Oct-2015 19:06:43 UTC] PHP   2. mysqli_connect() /home/ubuntu/workspace/php-course-work/lab_5/index.php:18
[03-Oct-2015 19:06:43 UTC] PHP Warning:  mysqli_query() expects parameter 1 to be mysqli, boolean given in /home/ubuntu/workspace/php-course-work/lab_5/index.php on line 22
[03-Oct-2015 19:06:43 UTC] PHP Stack trace:
[03-Oct-2015 19:06:43 UTC] PHP   1. {main}() /home/ubuntu/workspace/php-course-work/lab_5/index.php:0
[03-Oct-2015 19:06:43 UTC] PHP   2. mysqli_query() /home/ubuntu/workspace/php-course-work/lab_5/index.php:22
[03-Oct-2015 19:06:43 UTC] PHP Warning:  mysqli_fetch_array() expects parameter 1 to be mysqli_result, null given in /home/ubuntu/workspace/php-course-work/lab_5/index.php on line 26
[03-Oct-2015 19:06:43 UTC] PHP Stack trace:
[03-Oct-2015 19:06:43 UTC] PHP   1. {main}() /home/ubuntu/workspace/php-course-work/lab_5/index.php:0
[03-Oct-2015 19:06:43 UTC] PHP   2. mysqli_fetch_array() /home/ubuntu/workspace/php-course-work/lab_5/index.php:26
[03-Oct-2015 19:06:43 UTC] PHP Warning:  mysqli_close() expects parameter 1 to be mysqli, boolean given in /home/ubuntu/workspace/php-course-work/lab_5/index.php on line 49
[03-Oct-2015 19:06:43 UTC] PHP Stack trace:
[03-Oct-2015 19:06:43 UTC] PHP   1. {main}() /home/ubuntu/workspace/php-course-work/lab_5/index.php:0
[03-Oct-2015 19:06:43 UTC] PHP   2. mysqli_close() /home/ubuntu/workspace/php-course-work/lab_5/index.php:49
[03-Oct-2015 19:07:51 UTC] PHP Warning:  mysqli_connect(): php_network_getaddresses: getaddrinfo failed: Name or service not known in /home/ubuntu/workspace/php-course-work/lab_5/index.php on line 18
[03-Oct-2015 19:07:51 UTC] PHP Stack trace:
[03-Oct-2015 19:07:51 UTC] PHP   1. {main}() /home/ubuntu/workspace/php-course-work/lab_5/index.php:0
[03-Oct-2015 19:07:51 UTC] PHP   2. mysqli_connect() /home/ubuntu/workspace/php-course-work/lab_5/index.php:18
[03-Oct-2015 19:07:51 UTC] PHP Warning:  mysqli_connect(): (HY000/2002): php_network_getaddresses: getaddrinfo failed: Name or service not known in /home/ubuntu/workspace/php-course-work/lab_5/index.php on line 18
[03-Oct-2015 19:07:51 UTC] PHP Stack trace:
[03-Oct-2015 19:07:51 UTC] PHP   1. {main}() /home/ubuntu/workspace/php-course-work/lab_5/index.php:0
[03-Oct-2015 19:07:51 UTC] PHP   2. mysqli_connect() /home/ubuntu/workspace/php-course-work/lab_5/index.php:18
[03-Oct-2015 19:07:51 UTC] PHP Warning:  mysqli_query() expects parameter 1 to be mysqli, boolean given in /home/ubuntu/workspace/php-course-work/lab_5/index.php on line 22
[03-Oct-2015 19:07:51 UTC] PHP Stack trace:
[03-Oct-2015 19:07:51 UTC] PHP   1. {main}() /home/ubuntu/workspace/php-course-work/lab_5/index.php:0
[03-Oct-2015 19:07:51 UTC] PHP   2. mysqli_query() /home/ubuntu/workspace/php-course-work/lab_5/index.php:22
[03-Oct-2015 19:07:51 UTC] PHP Warning:  mysqli_fetch_array() expects parameter 1 to be mysqli_result, null given in /home/ubuntu/workspace/php-course-work/lab_5/index.php on line 26
[03-Oct-2015 19:07:51 UTC] PHP Stack trace:
[03-Oct-2015 19:07:51 UTC] PHP   1. {main}() /home/ubuntu/workspace/php-course-work/lab_5/index.php:0
[03-Oct-2015 19:07:51 UTC] PHP   2. mysqli_fetch_array() /home/ubuntu/workspace/php-course-work/lab_5/index.php:26
[03-Oct-2015 19:07:51 UTC] PHP Warning:  mysqli_close() expects parameter 1 to be mysqli, boolean given in /home/ubuntu/workspace/php-course-work/lab_5/index.php on line 49
[03-Oct-2015 19:07:51 UTC] PHP Stack trace:
[03-Oct-2015 19:07:51 UTC] PHP   1. {main}() /home/ubuntu/workspace/php-course-work/lab_5/index.php:0
[03-Oct-2015 19:07:51 UTC] PHP   2. mysqli_close() /home/ubuntu/workspace/php-course-work/lab_5/index.php:49
[03-Oct-2015 19:08:28 UTC] PHP Warning:  mysqli_connect(): php_network_getaddresses: getaddrinfo failed: Name or service not known in /home/ubuntu/workspace/php-course-work/lab_5/index.php on line 18
[03-Oct-2015 19:08:28 UTC] PHP Stack trace:
[03-Oct-2015 19:08:28 UTC] PHP   1. {main}() /home/ubuntu/workspace/php-course-work/lab_5/index.php:0
[03-Oct-2015 19:08:28 UTC] PHP   2. mysqli_connect() /home/ubuntu/workspace/php-course-work/lab_5/index.php:18
[03-Oct-2015 19:08:28 UTC] PHP Warning:  mysqli_connect(): (HY000/2002): php_network_getaddresses: getaddrinfo failed: Name or service not known in /home/ubuntu/workspace/php-course-work/lab_5/index.php on line 18
[03-Oct-2015 19:08:28 UTC] PHP Stack trace:
[03-Oct-2015 19:08:28 UTC] PHP   1. {main}() /home/ubuntu/workspace/php-course-work/lab_5/index.php:0
[03-Oct-2015 19:08:28 UTC] PHP   2. mysqli_connect() /home/ubuntu/workspace/php-course-work/lab_5/index.php:18
[03-Oct-2015 19:38:39 UTC] PHP Warning:  mysqli_connect(): php_network_getaddresses: getaddrinfo failed: Name or service not known in /home/ubuntu/workspace/php-course-work/lab_5/addscore.php on line 30
[03-Oct-2015 19:38:39 UTC] PHP Stack trace:
[03-Oct-2015 19:38:39 UTC] PHP   1. {main}() /home/ubuntu/workspace/php-course-work/lab_5/addscore.php:0
[03-Oct-2015 19:38:39 UTC] PHP   2. mysqli_connect() /home/ubuntu/workspace/php-course-work/lab_5/addscore.php:30
[03-Oct-2015 19:38:39 UTC] PHP Warning:  mysqli_connect(): (HY000/2002): php_network_getaddresses: getaddrinfo failed: Name or service not known in /home/ubuntu/workspace/php-course-work/lab_5/addscore.php on line 30
[03-Oct-2015 19:38:39 UTC] PHP Stack trace:
[03-Oct-2015 19:38:39 UTC] PHP   1. {main}() /home/ubuntu/workspace/php-course-work/lab_5/addscore.php:0
[03-Oct-2015 19:38:39 UTC] PHP   2. mysqli_connect() /home/ubuntu/workspace/php-course-work/lab_5/addscore.php:30
[03-Oct-2015 19:38:39 UTC] PHP Warning:  mysqli_query() expects parameter 1 to be mysqli, boolean given in /home/ubuntu/workspace/php-course-work/lab_5/addscore.php on line 34
[03-Oct-2015 19:38:39 UTC] PHP Stack trace:
[03-Oct-2015 19:38:39 UTC] PHP   1. {main}() /home/ubuntu/workspace/php-course-work/lab_5/addscore.php:0
[03-Oct-2015 19:38:39 UTC] PHP   2. mysqli_query() /home/ubuntu/workspace/php-course-work/lab_5/addscore.php:34
[03-Oct-2015 19:38:39 UTC] PHP Warning:  mysqli_close() expects parameter 1 to be mysqli, boolean given in /home/ubuntu/workspace/php-course-work/lab_5/addscore.php on line 48
[03-Oct-2015 19:38:39 UTC] PHP Stack trace:
[03-Oct-2015 19:38:39 UTC] PHP   1. {main}() /home/ubuntu/workspace/php-course-work/lab_5/addscore.php:0
[03-Oct-2015 19:38:39 UTC] PHP   2. mysqli_close() /home/ubuntu/workspace/php-course-work/lab_5/addscore.php:48
[03-Oct-2015 19:39:45 UTC] PHP Warning:  mysqli_connect(): php_network_getaddresses: getaddrinfo failed: Name or service not known in /home/ubuntu/workspace/php-course-work/lab_5/addscore.php on line 30
[03-Oct-2015 19:39:45 UTC] PHP Stack trace:
[03-Oct-2015 19:39:45 UTC] PHP   1. {main}() /home/ubuntu/workspace/php-course-work/lab_5/addscore.php:0
[03-Oct-2015 19:39:45 UTC] PHP   2. mysqli_connect() /home/ubuntu/workspace/php-course-work/lab_5/addscore.php:30
[03-Oct-2015 19:39:45 UTC] PHP Warning:  mysqli_connect(): (HY000/2002): php_network_getaddresses: getaddrinfo failed: Name or service not known in /home/ubuntu/workspace/php-course-work/lab_5/addscore.php on line 30
[03-Oct-2015 19:39:45 UTC] PHP Stack trace:
[03-Oct-2015 19:39:45 UTC] PHP   1. {main}() /home/ubuntu/workspace/php-course-work/lab_5/addscore.php:0
[03-Oct-2015 19:39:45 UTC] PHP   2. mysqli_connect() /home/ubuntu/workspace/php-course-work/lab_5/addscore.php:30
[03-Oct-2015 19:39:45 UTC] PHP Warning:  mysqli_query() expects parameter 1 to be mysqli, boolean given in /home/ubuntu/workspace/php-course-work/lab_5/addscore.php on line 34
[03-Oct-2015 19:39:45 UTC] PHP Stack trace:
[03-Oct-2015 19:39:45 UTC] PHP   1. {main}() /home/ubuntu/workspace/php-course-work/lab_5/addscore.php:0
[03-Oct-2015 19:39:45 UTC] PHP   2. mysqli_query() /home/ubuntu/workspace/php-course-work/lab_5/addscore.php:34
[03-Oct-2015 19:39:45 UTC] PHP Warning:  mysqli_close() expects parameter 1 to be mysqli, boolean given in /home/ubuntu/workspace/php-course-work/lab_5/addscore.php on line 48
[03-Oct-2015 19:39:45 UTC] PHP Stack trace:
[03-Oct-2015 19:39:45 UTC] PHP   1. {main}() /home/ubuntu/workspace/php-course-work/lab_5/addscore.php:0
[03-Oct-2015 19:39:45 UTC] PHP   2. mysqli_close() /home/ubuntu/workspace/php-course-work/lab_5/addscore.php:48
