[26-Oct-2015 23:16:11 UTC] PHP Warning:  mysqli_query(): Empty query in /home/ubuntu/workspace/php-course-work/lab_8/riskyjobs/search.php on line 45
[26-Oct-2015 23:16:11 UTC] PHP Stack trace:
[26-Oct-2015 23:16:11 UTC] PHP   1. {main}() /home/ubuntu/workspace/php-course-work/lab_8/riskyjobs/search.php:0
[26-Oct-2015 23:16:11 UTC] PHP   2. mysqli_query() /home/ubuntu/workspace/php-course-work/lab_8/riskyjobs/search.php:45
[26-Oct-2015 23:16:11 UTC] PHP Warning:  mysqli_fetch_array() expects parameter 1 to be mysqli_result, boolean given in /home/ubuntu/workspace/php-course-work/lab_8/riskyjobs/search.php on line 46
[26-Oct-2015 23:16:11 UTC] PHP Stack trace:
[26-Oct-2015 23:16:11 UTC] PHP   1. {main}() /home/ubuntu/workspace/php-course-work/lab_8/riskyjobs/search.php:0
[26-Oct-2015 23:16:11 UTC] PHP   2. mysqli_fetch_array() /home/ubuntu/workspace/php-course-work/lab_8/riskyjobs/search.php:46
[26-Oct-2015 23:17:11 UTC] PHP Warning:  mysqli_query(): Empty query in /home/ubuntu/workspace/php-course-work/lab_8/riskyjobs/search.php on line 45
[26-Oct-2015 23:17:11 UTC] PHP Stack trace:
[26-Oct-2015 23:17:11 UTC] PHP   1. {main}() /home/ubuntu/workspace/php-course-work/lab_8/riskyjobs/search.php:0
[26-Oct-2015 23:17:11 UTC] PHP   2. mysqli_query() /home/ubuntu/workspace/php-course-work/lab_8/riskyjobs/search.php:45
[26-Oct-2015 23:17:11 UTC] PHP Warning:  mysqli_fetch_array() expects parameter 1 to be mysqli_result, boolean given in /home/ubuntu/workspace/php-course-work/lab_8/riskyjobs/search.php on line 46
[26-Oct-2015 23:17:11 UTC] PHP Stack trace:
[26-Oct-2015 23:17:11 UTC] PHP   1. {main}() /home/ubuntu/workspace/php-course-work/lab_8/riskyjobs/search.php:0
[26-Oct-2015 23:17:11 UTC] PHP   2. mysqli_fetch_array() /home/ubuntu/workspace/php-course-work/lab_8/riskyjobs/search.php:46
[26-Oct-2015 23:17:54 UTC] PHP Warning:  mysqli_query(): Empty query in /home/ubuntu/workspace/php-course-work/lab_8/riskyjobs/search.php on line 45
[26-Oct-2015 23:17:54 UTC] PHP Stack trace:
[26-Oct-2015 23:17:54 UTC] PHP   1. {main}() /home/ubuntu/workspace/php-course-work/lab_8/riskyjobs/search.php:0
[26-Oct-2015 23:17:54 UTC] PHP   2. mysqli_query() /home/ubuntu/workspace/php-course-work/lab_8/riskyjobs/search.php:45
[26-Oct-2015 23:17:54 UTC] PHP Warning:  mysqli_fetch_array() expects parameter 1 to be mysqli_result, boolean given in /home/ubuntu/workspace/php-course-work/lab_8/riskyjobs/search.php on line 46
[26-Oct-2015 23:17:54 UTC] PHP Stack trace:
[26-Oct-2015 23:17:54 UTC] PHP   1. {main}() /home/ubuntu/workspace/php-course-work/lab_8/riskyjobs/search.php:0
[26-Oct-2015 23:17:54 UTC] PHP   2. mysqli_fetch_array() /home/ubuntu/workspace/php-course-work/lab_8/riskyjobs/search.php:46
[26-Oct-2015 23:20:25 UTC] PHP Warning:  mysqli_fetch_array() expects parameter 1 to be mysqli_result, null given in /home/ubuntu/workspace/php-course-work/lab_8/riskyjobs/search.php on line 38
[26-Oct-2015 23:20:25 UTC] PHP Stack trace:
[26-Oct-2015 23:20:25 UTC] PHP   1. {main}() /home/ubuntu/workspace/php-course-work/lab_8/riskyjobs/search.php:0
[26-Oct-2015 23:20:25 UTC] PHP   2. mysqli_fetch_array() /home/ubuntu/workspace/php-course-work/lab_8/riskyjobs/search.php:38
[26-Oct-2015 23:20:28 UTC] PHP Warning:  mysqli_fetch_array() expects parameter 1 to be mysqli_result, null given in /home/ubuntu/workspace/php-course-work/lab_8/riskyjobs/search.php on line 38
[26-Oct-2015 23:20:28 UTC] PHP Stack trace:
[26-Oct-2015 23:20:28 UTC] PHP   1. {main}() /home/ubuntu/workspace/php-course-work/lab_8/riskyjobs/search.php:0
[26-Oct-2015 23:20:28 UTC] PHP   2. mysqli_fetch_array() /home/ubuntu/workspace/php-course-work/lab_8/riskyjobs/search.php:38
[26-Oct-2015 23:21:10 UTC] PHP Warning:  mysqli_fetch_array() expects parameter 1 to be mysqli_result, null given in /home/ubuntu/workspace/php-course-work/lab_8/riskyjobs/search.php on line 38
[26-Oct-2015 23:21:10 UTC] PHP Stack trace:
[26-Oct-2015 23:21:10 UTC] PHP   1. {main}() /home/ubuntu/workspace/php-course-work/lab_8/riskyjobs/search.php:0
[26-Oct-2015 23:21:10 UTC] PHP   2. mysqli_fetch_array() /home/ubuntu/workspace/php-course-work/lab_8/riskyjobs/search.php:38
[26-Oct-2015 23:24:43 UTC] PHP Warning:  mysqli_fetch_array() expects parameter 1 to be mysqli_result, null given in /home/ubuntu/workspace/php-course-work/lab_8/riskyjobs/search.php on line 45
[26-Oct-2015 23:24:43 UTC] PHP Stack trace:
[26-Oct-2015 23:24:43 UTC] PHP   1. {main}() /home/ubuntu/workspace/php-course-work/lab_8/riskyjobs/search.php:0
[26-Oct-2015 23:24:43 UTC] PHP   2. mysqli_fetch_array() /home/ubuntu/workspace/php-course-work/lab_8/riskyjobs/search.php:45
[26-Oct-2015 23:28:53 UTC] PHP Parse error:  syntax error, unexpected '$search_words' (T_VARIABLE) in /home/ubuntu/workspace/php-course-work/lab_8/riskyjobs/search.php on line 29
[26-Oct-2015 23:29:04 UTC] PHP Parse error:  syntax error, unexpected '$search_words' (T_VARIABLE) in /home/ubuntu/workspace/php-course-work/lab_8/riskyjobs/search.php on line 29
[27-Oct-2015 00:12:06 UTC] PHP Warning:  implode(): Invalid arguments passed in /home/ubuntu/workspace/php-course-work/lab_8/riskyjobs/search.php on line 49
[27-Oct-2015 00:12:06 UTC] PHP Stack trace:
[27-Oct-2015 00:12:06 UTC] PHP   1. {main}() /home/ubuntu/workspace/php-course-work/lab_8/riskyjobs/search.php:0
[27-Oct-2015 00:12:06 UTC] PHP   2. build_query() /home/ubuntu/workspace/php-course-work/lab_8/riskyjobs/search.php:184
[27-Oct-2015 00:12:06 UTC] PHP   3. implode() /home/ubuntu/workspace/php-course-work/lab_8/riskyjobs/search.php:49
[27-Oct-2015 00:12:06 UTC] PHP Warning:  mysqli_num_rows() expects parameter 1 to be mysqli_result, boolean given in /home/ubuntu/workspace/php-course-work/lab_8/riskyjobs/search.php on line 186
[27-Oct-2015 00:12:06 UTC] PHP Stack trace:
[27-Oct-2015 00:12:06 UTC] PHP   1. {main}() /home/ubuntu/workspace/php-course-work/lab_8/riskyjobs/search.php:0
[27-Oct-2015 00:12:06 UTC] PHP   2. mysqli_num_rows() /home/ubuntu/workspace/php-course-work/lab_8/riskyjobs/search.php:186
[27-Oct-2015 00:12:06 UTC] PHP Warning:  mysqli_fetch_array() expects parameter 1 to be mysqli_result, boolean given in /home/ubuntu/workspace/php-course-work/lab_8/riskyjobs/search.php on line 192
[27-Oct-2015 00:12:06 UTC] PHP Stack trace:
[27-Oct-2015 00:12:06 UTC] PHP   1. {main}() /home/ubuntu/workspace/php-course-work/lab_8/riskyjobs/search.php:0
[27-Oct-2015 00:12:06 UTC] PHP   2. mysqli_fetch_array() /home/ubuntu/workspace/php-course-work/lab_8/riskyjobs/search.php:192
[27-Oct-2015 00:12:43 UTC] PHP Warning:  implode(): Invalid arguments passed in /home/ubuntu/workspace/php-course-work/lab_8/riskyjobs/search.php on line 49
[27-Oct-2015 00:12:43 UTC] PHP Stack trace:
[27-Oct-2015 00:12:43 UTC] PHP   1. {main}() /home/ubuntu/workspace/php-course-work/lab_8/riskyjobs/search.php:0
[27-Oct-2015 00:12:43 UTC] PHP   2. build_query() /home/ubuntu/workspace/php-course-work/lab_8/riskyjobs/search.php:184
[27-Oct-2015 00:12:43 UTC] PHP   3. implode() /home/ubuntu/workspace/php-course-work/lab_8/riskyjobs/search.php:49
[27-Oct-2015 00:12:43 UTC] PHP Warning:  mysqli_num_rows() expects parameter 1 to be mysqli_result, boolean given in /home/ubuntu/workspace/php-course-work/lab_8/riskyjobs/search.php on line 186
[27-Oct-2015 00:12:43 UTC] PHP Stack trace:
[27-Oct-2015 00:12:43 UTC] PHP   1. {main}() /home/ubuntu/workspace/php-course-work/lab_8/riskyjobs/search.php:0
[27-Oct-2015 00:12:43 UTC] PHP   2. mysqli_num_rows() /home/ubuntu/workspace/php-course-work/lab_8/riskyjobs/search.php:186
[27-Oct-2015 00:12:43 UTC] PHP Warning:  mysqli_fetch_array() expects parameter 1 to be mysqli_result, boolean given in /home/ubuntu/workspace/php-course-work/lab_8/riskyjobs/search.php on line 192
[27-Oct-2015 00:12:43 UTC] PHP Stack trace:
[27-Oct-2015 00:12:43 UTC] PHP   1. {main}() /home/ubuntu/workspace/php-course-work/lab_8/riskyjobs/search.php:0
[27-Oct-2015 00:12:43 UTC] PHP   2. mysqli_fetch_array() /home/ubuntu/workspace/php-course-work/lab_8/riskyjobs/search.php:192
