[11-Oct-2015 14:13:09 UTC] PHP Warning:  require_once(header.php): failed to open stream: No such file or directory in /home/ubuntu/workspace/php-course-work/project_3/admin/admin.php on line 3
[11-Oct-2015 14:13:09 UTC] PHP Stack trace:
[11-Oct-2015 14:13:09 UTC] PHP   1. {main}() /home/ubuntu/workspace/php-course-work/project_3/admin/admin.php:0
[11-Oct-2015 14:13:09 UTC] PHP Fatal error:  require_once(): Failed opening required 'header.php' (include_path='.:/usr/share/php:/usr/share/pear') in /home/ubuntu/workspace/php-course-work/project_3/admin/admin.php on line 3
[11-Oct-2015 14:13:09 UTC] PHP Stack trace:
[11-Oct-2015 14:13:09 UTC] PHP   1. {main}() /home/ubuntu/workspace/php-course-work/project_3/admin/admin.php:0
[11-Oct-2015 14:13:35 UTC] PHP Warning:  require_once(/header.php): failed to open stream: No such file or directory in /home/ubuntu/workspace/php-course-work/project_3/admin/admin.php on line 3
[11-Oct-2015 14:13:35 UTC] PHP Stack trace:
[11-Oct-2015 14:13:35 UTC] PHP   1. {main}() /home/ubuntu/workspace/php-course-work/project_3/admin/admin.php:0
[11-Oct-2015 14:13:35 UTC] PHP Fatal error:  require_once(): Failed opening required '/header.php' (include_path='.:/usr/share/php:/usr/share/pear') in /home/ubuntu/workspace/php-course-work/project_3/admin/admin.php on line 3
[11-Oct-2015 14:13:35 UTC] PHP Stack trace:
[11-Oct-2015 14:13:35 UTC] PHP   1. {main}() /home/ubuntu/workspace/php-course-work/project_3/admin/admin.php:0
[11-Oct-2015 14:23:10 UTC] PHP Warning:  mysqli_connect(): php_network_getaddresses: getaddrinfo failed: Name or service not known in /home/ubuntu/workspace/php-course-work/project_3/admin/delete_edit.php on line 5
[11-Oct-2015 14:23:10 UTC] PHP Stack trace:
[11-Oct-2015 14:23:10 UTC] PHP   1. {main}() /home/ubuntu/workspace/php-course-work/project_3/admin/delete_edit.php:0
[11-Oct-2015 14:23:10 UTC] PHP   2. mysqli_connect() /home/ubuntu/workspace/php-course-work/project_3/admin/delete_edit.php:5
[11-Oct-2015 14:23:10 UTC] PHP Warning:  mysqli_connect(): (HY000/2002): php_network_getaddresses: getaddrinfo failed: Name or service not known in /home/ubuntu/workspace/php-course-work/project_3/admin/delete_edit.php on line 5
[11-Oct-2015 14:23:10 UTC] PHP Stack trace:
[11-Oct-2015 14:23:10 UTC] PHP   1. {main}() /home/ubuntu/workspace/php-course-work/project_3/admin/delete_edit.php:0
[11-Oct-2015 14:23:10 UTC] PHP   2. mysqli_connect() /home/ubuntu/workspace/php-course-work/project_3/admin/delete_edit.php:5
[11-Oct-2015 14:24:45 UTC] PHP Warning:  require_once(connectvars.php): failed to open stream: No such file or directory in /home/ubuntu/workspace/php-course-work/project_3/admin/add_post.php on line 26
[11-Oct-2015 14:24:45 UTC] PHP Stack trace:
[11-Oct-2015 14:24:45 UTC] PHP   1. {main}() /home/ubuntu/workspace/php-course-work/project_3/admin/add_post.php:0
[11-Oct-2015 14:24:45 UTC] PHP Fatal error:  require_once(): Failed opening required 'connectvars.php' (include_path='.:/usr/share/php:/usr/share/pear') in /home/ubuntu/workspace/php-course-work/project_3/admin/add_post.php on line 26
[11-Oct-2015 14:24:45 UTC] PHP Stack trace:
[11-Oct-2015 14:24:45 UTC] PHP   1. {main}() /home/ubuntu/workspace/php-course-work/project_3/admin/add_post.php:0
